This file contains any messages produced by compilers while
running configure, to aid debugging if configure makes a mistake.

It was created by configure, which was
generated by GNU Autoconf 2.59.  Invocation command line was

  $ ./configure 

## --------- ##
## Platform. ##
## --------- ##

hostname = test.authense.co.jp
uname -m = i686
uname -r = 2.6.18-274.el5xen
uname -s = Linux
uname -v = #1 SMP Fri Jul 22 06:14:51 EDT 2011

/usr/bin/uname -p = unknown
/bin/uname -X     = unknown

/bin/arch              = i686
/usr/bin/arch -k       = unknown
/usr/convex/getsysinfo = unknown
hostinfo               = unknown
/bin/machine           = unknown
/usr/bin/oslevel       = unknown
/bin/universe          = unknown

PATH: /usr/kerberos/bin
PATH: /bin
PATH: /sbin
PATH: /usr/local/bin
PATH: /usr/bin
PATH: /usr/sbin


## ----------- ##
## Core tests. ##
## ----------- ##

configure:1481: checking for egrep
configure:1491: result: grep -E
configure:1496: checking for a sed that does not truncate output
configure:1552: result: /bin/sed
configure:1682: checking for cc
configure:1698: found /usr/bin/cc
configure:1708: result: cc
configure:1729: checking for C compiler version
configure:1732: cc --version </dev/null >&5
cc (GCC) 4.1.2 20080704 (Red Hat 4.1.2-51)
Copyright (C) 2006 Free Software Foundation, Inc.
This is free software; see the source for copying conditions.  There is NO
warranty; not even for MERCHANTABILITY or FITNESS FOR A PARTICULAR PURPOSE.

configure:1735: $? = 0
configure:1737: cc -v </dev/null >&5
Using built-in specs.
Target: i386-redhat-linux
Configured with: ../configure --prefix=/usr --mandir=/usr/share/man --infodir=/usr/share/info --enable-shared --enable-threads=posix --enable-checking=release --with-system-zlib --enable-__cxa_atexit --disable-libunwind-exceptions --enable-libgcj-multifile --enable-languages=c,c++,objc,obj-c++,java,fortran,ada --enable-java-awt=gtk --disable-dssi --disable-plugin --with-java-home=/usr/lib/jvm/java-1.4.2-gcj-1.4.2.0/jre --with-cpu=generic --host=i386-redhat-linux
Thread model: posix
gcc version 4.1.2 20080704 (Red Hat 4.1.2-51)
configure:1740: $? = 0
configure:1742: cc -V </dev/null >&5
cc: '-V' option must have argument
configure:1745: $? = 1
configure:1768: checking for C compiler default output file name
configure:1771: cc    conftest.c  >&5
configure:1774: $? = 0
configure:1820: result: a.out
configure:1825: checking whether the C compiler works
configure:1831: ./a.out
configure:1834: $? = 0
configure:1851: result: yes
configure:1858: checking whether we are cross compiling
configure:1860: result: no
configure:1863: checking for suffix of executables
configure:1865: cc -o conftest    conftest.c  >&5
configure:1868: $? = 0
configure:1893: result: 
configure:1899: checking for suffix of object files
configure:1920: cc -c   conftest.c >&5
configure:1923: $? = 0
configure:1945: result: o
configure:1949: checking whether we are using the GNU C compiler
configure:1973: cc -c   conftest.c >&5
configure:1979: $? = 0
configure:1983: test -z 
			 || test ! -s conftest.err
configure:1986: $? = 0
configure:1989: test -s conftest.o
configure:1992: $? = 0
configure:2005: result: yes
configure:2011: checking whether cc accepts -g
configure:2032: cc -c -g  conftest.c >&5
configure:2038: $? = 0
configure:2042: test -z 
			 || test ! -s conftest.err
configure:2045: $? = 0
configure:2048: test -s conftest.o
configure:2051: $? = 0
configure:2062: result: yes
configure:2079: checking for cc option to accept ANSI C
configure:2149: cc  -c -g -O2  conftest.c >&5
configure:2155: $? = 0
configure:2159: test -z 
			 || test ! -s conftest.err
configure:2162: $? = 0
configure:2165: test -s conftest.o
configure:2168: $? = 0
configure:2186: result: none needed
configure:2204: cc -c -g -O2  conftest.c >&5
conftest.c:2: error: expected '=', ',', ';', 'asm' or '__attribute__' before 'me'
configure:2210: $? = 1
configure: failed program was:
| #ifndef __cplusplus
|   choke me
| #endif
configure:2349: checking how to run the C preprocessor
configure:2384: cc -E  conftest.c
configure:2390: $? = 0
configure:2422: cc -E  conftest.c
conftest.c:9:28: error: ac_nonexistent.h: No such file or directory
configure:2428: $? = 1
configure: failed program was:
| /* confdefs.h.  */
| 
| #define PACKAGE_NAME ""
| #define PACKAGE_TARNAME ""
| #define PACKAGE_VERSION ""
| #define PACKAGE_STRING ""
| #define PACKAGE_BUGREPORT ""
| /* end confdefs.h.  */
| #include <ac_nonexistent.h>
configure:2467: result: cc -E
configure:2491: cc -E  conftest.c
configure:2497: $? = 0
configure:2529: cc -E  conftest.c
conftest.c:9:28: error: ac_nonexistent.h: No such file or directory
configure:2535: $? = 1
configure: failed program was:
| /* confdefs.h.  */
| 
| #define PACKAGE_NAME ""
| #define PACKAGE_TARNAME ""
| #define PACKAGE_VERSION ""
| #define PACKAGE_STRING ""
| #define PACKAGE_BUGREPORT ""
| /* end confdefs.h.  */
| #include <ac_nonexistent.h>
configure:2581: checking for icc
configure:2594: result: no
configure:2608: checking for suncc
configure:2621: result: no
configure:2639: checking whether cc understands -c and -o together
configure:2666: cc -c conftest.c -o conftest.o >&5
configure:2669: $? = 0
configure:2671: cc -c conftest.c -o conftest.o >&5
configure:2674: $? = 0
configure:2713: result: yes
configure:2729: checking for system library directory
configure:2747: result: lib
configure:2754: checking if compiler supports -R
configure:2778: cc -o conftest -g -O2   conftest.c -R /usr/lib  >&5
cc: unrecognized option '-R'
/usr/lib: file not recognized: Is a directory
collect2: ld returned 1 exit status
configure:2784: $? = 1
configure: failed program was:
| /* confdefs.h.  */
| 
| #define PACKAGE_NAME ""
| #define PACKAGE_TARNAME ""
| #define PACKAGE_VERSION ""
| #define PACKAGE_STRING ""
| #define PACKAGE_BUGREPORT ""
| /* end confdefs.h.  */
| 
| int
| main ()
| {
| 
|   ;
|   return 0;
| }
configure:2811: result: no
configure:2816: checking if compiler supports -Wl,-rpath,
configure:2840: cc -o conftest -g -O2   conftest.c -Wl,-rpath,/usr/lib  >&5
configure:2846: $? = 0
configure:2850: test -z 
			 || test ! -s conftest.err
configure:2853: $? = 0
configure:2856: test -s conftest
configure:2859: $? = 0
configure:2873: result: yes
configure:2916: checking build system type
configure:2934: result: i686-redhat-linux-gnu
configure:2942: checking host system type
configure:2956: result: i686-redhat-linux-gnu
configure:2964: checking target system type
configure:2978: result: i686-redhat-linux-gnu
configure:3076: checking for PHP prefix
configure:3078: result: /usr
configure:3080: checking for PHP includes
configure:3082: result: -I/usr/include/php -I/usr/include/php/main -I/usr/include/php/TSRM -I/usr/include/php/Zend -I/usr/include/php/ext -I/usr/include/php/ext/date/lib
configure:3084: checking for PHP extension directory
configure:3086: result: /usr/lib/php/modules
configure:3088: checking for PHP installed headers prefix
configure:3090: result: /usr/include/php
configure:3093: checking if debug is enabled
configure:3123: result: no
configure:3126: checking if zts is enabled
configure:3156: result: no
configure:3230: checking for re2c
configure:3259: result: no
configure:3283: WARNING: You will need re2c 0.13.4 or later if you want to regenerate PHP parsers.
configure:3297: checking for gawk
configure:3314: found /bin/gawk
configure:3324: result: gawk
configure:3375: checking whether to enable pdo_namy_pool support
configure:3417: result: yes, shared
configure:4252: checking for ld used by cc
configure:4319: result: /usr/bin/ld
configure:4328: checking if the linker (/usr/bin/ld) is GNU ld
configure:4343: result: yes
configure:4348: checking for /usr/bin/ld option to reload object files
configure:4355: result: -r
configure:4373: checking for BSD-compatible nm
configure:4422: result: /usr/bin/nm -B
configure:4426: checking whether ln -s works
configure:4430: result: yes
configure:4437: checking how to recognise dependent libraries
configure:4613: result: pass_all
configure:4844: checking for ANSI C header files
configure:4869: cc -c -g -O2  conftest.c >&5
configure:4875: $? = 0
configure:4879: test -z 
			 || test ! -s conftest.err
configure:4882: $? = 0
configure:4885: test -s conftest.o
configure:4888: $? = 0
configure:4977: cc -o conftest -g -O2   conftest.c  >&5
conftest.c: In function 'main':
conftest.c:27: warning: incompatible implicit declaration of built-in function 'exit'
configure:4980: $? = 0
configure:4982: ./conftest
configure:4985: $? = 0
configure:5000: result: yes
configure:5024: checking for sys/types.h
configure:5040: cc -c -g -O2  conftest.c >&5
configure:5046: $? = 0
configure:5050: test -z 
			 || test ! -s conftest.err
configure:5053: $? = 0
configure:5056: test -s conftest.o
configure:5059: $? = 0
configure:5070: result: yes
configure:5024: checking for sys/stat.h
configure:5040: cc -c -g -O2  conftest.c >&5
configure:5046: $? = 0
configure:5050: test -z 
			 || test ! -s conftest.err
configure:5053: $? = 0
configure:5056: test -s conftest.o
configure:5059: $? = 0
configure:5070: result: yes
configure:5024: checking for stdlib.h
configure:5040: cc -c -g -O2  conftest.c >&5
configure:5046: $? = 0
configure:5050: test -z 
			 || test ! -s conftest.err
configure:5053: $? = 0
configure:5056: test -s conftest.o
configure:5059: $? = 0
configure:5070: result: yes
configure:5024: checking for string.h
configure:5040: cc -c -g -O2  conftest.c >&5
configure:5046: $? = 0
configure:5050: test -z 
			 || test ! -s conftest.err
configure:5053: $? = 0
configure:5056: test -s conftest.o
configure:5059: $? = 0
configure:5070: result: yes
configure:5024: checking for memory.h
configure:5040: cc -c -g -O2  conftest.c >&5
configure:5046: $? = 0
configure:5050: test -z 
			 || test ! -s conftest.err
configure:5053: $? = 0
configure:5056: test -s conftest.o
configure:5059: $? = 0
configure:5070: result: yes
configure:5024: checking for strings.h
configure:5040: cc -c -g -O2  conftest.c >&5
configure:5046: $? = 0
configure:5050: test -z 
			 || test ! -s conftest.err
configure:5053: $? = 0
configure:5056: test -s conftest.o
configure:5059: $? = 0
configure:5070: result: yes
configure:5024: checking for inttypes.h
configure:5040: cc -c -g -O2  conftest.c >&5
configure:5046: $? = 0
configure:5050: test -z 
			 || test ! -s conftest.err
configure:5053: $? = 0
configure:5056: test -s conftest.o
configure:5059: $? = 0
configure:5070: result: yes
configure:5024: checking for stdint.h
configure:5040: cc -c -g -O2  conftest.c >&5
configure:5046: $? = 0
configure:5050: test -z 
			 || test ! -s conftest.err
configure:5053: $? = 0
configure:5056: test -s conftest.o
configure:5059: $? = 0
configure:5070: result: yes
configure:5024: checking for unistd.h
configure:5040: cc -c -g -O2  conftest.c >&5
configure:5046: $? = 0
configure:5050: test -z 
			 || test ! -s conftest.err
configure:5053: $? = 0
configure:5056: test -s conftest.o
configure:5059: $? = 0
configure:5070: result: yes
configure:5096: checking dlfcn.h usability
configure:5108: cc -c -g -O2  conftest.c >&5
configure:5114: $? = 0
configure:5118: test -z 
			 || test ! -s conftest.err
configure:5121: $? = 0
configure:5124: test -s conftest.o
configure:5127: $? = 0
configure:5137: result: yes
configure:5141: checking dlfcn.h presence
configure:5151: cc -E  conftest.c
configure:5157: $? = 0
configure:5177: result: yes
configure:5212: checking for dlfcn.h
configure:5219: result: yes
configure:5293: checking for g77
configure:5322: result: no
configure:5293: checking for f77
configure:5322: result: no
configure:5293: checking for xlf
configure:5322: result: no
configure:5293: checking for frt
configure:5322: result: no
configure:5293: checking for pgf77
configure:5322: result: no
configure:5293: checking for fort77
configure:5322: result: no
configure:5293: checking for fl32
configure:5322: result: no
configure:5293: checking for af77
configure:5322: result: no
configure:5293: checking for f90
configure:5322: result: no
configure:5293: checking for xlf90
configure:5322: result: no
configure:5293: checking for pgf90
configure:5322: result: no
configure:5293: checking for epcf90
configure:5322: result: no
configure:5293: checking for f95
configure:5322: result: no
configure:5293: checking for fort
configure:5322: result: no
configure:5293: checking for xlf95
configure:5322: result: no
configure:5293: checking for ifc
configure:5322: result: no
configure:5293: checking for efc
configure:5322: result: no
configure:5293: checking for pgf95
configure:5322: result: no
configure:5293: checking for lf95
configure:5322: result: no
configure:5293: checking for gfortran
configure:5322: result: no
configure:5334: checking for Fortran 77 compiler version
configure:5337:  --version </dev/null >&5
./configure: line 5338: --version: command not found
configure:5340: $? = 127
configure:5342:  -v </dev/null >&5
./configure: line 5343: -v: command not found
configure:5345: $? = 127
configure:5347:  -V </dev/null >&5
./configure: line 5348: -V: command not found
configure:5350: $? = 127
configure:5358: checking whether we are using the GNU Fortran 77 compiler
configure:5372:  -c  conftest.F >&5
./configure: line 5373: -c: command not found
configure:5378: $? = 127
configure: failed program was:
|       program main
| #ifndef __GNUC__
|        choke me
| #endif
| 
|       end
configure:5404: result: no
configure:5410: checking whether  accepts -g
configure:5422:  -c -g conftest.f >&5
./configure: line 5423: -c: command not found
configure:5428: $? = 127
configure: failed program was:
|       program main
| 
|       end
configure:5453: result: no
configure:5483: checking the maximum length of command line arguments
configure:5592: result: 32768
configure:5603: checking command to parse /usr/bin/nm -B output from cc object
configure:5708: cc -c -g -O2  conftest.c >&5
configure:5711: $? = 0
configure:5715: /usr/bin/nm -B conftest.o \| sed -n -e 's/^.*[ 	]\([ABCDGIRSTW][ABCDGIRSTW]*\)[ 	][ 	]*\([_A-Za-z][_A-Za-z0-9]*\)$/\1 \2 \2/p' \> conftest.nm
configure:5718: $? = 0
configure:5770: cc -o conftest -g -O2   conftest.c conftstm.o >&5
configure:5773: $? = 0
configure:5811: result: ok
configure:5815: checking for objdir
configure:5830: result: .libs
configure:5920: checking for ar
configure:5936: found /usr/bin/ar
configure:5947: result: ar
configure:6000: checking for ranlib
configure:6016: found /usr/bin/ranlib
configure:6027: result: ranlib
configure:6080: checking for strip
configure:6096: found /usr/bin/strip
configure:6107: result: strip
configure:6383: checking if cc supports -fno-rtti -fno-exceptions
configure:6401: cc -c -g -O2  -fno-rtti -fno-exceptions conftest.c >&5
cc1: warning: command line option "-fno-rtti" is valid for C++/ObjC++ but not for C
configure:6405: $? = 0
configure:6418: result: no
configure:6433: checking for cc option to produce PIC
configure:6643: result: -fPIC
configure:6651: checking if cc PIC flag -fPIC works
configure:6669: cc -c -g -O2  -fPIC -DPIC conftest.c >&5
configure:6673: $? = 0
configure:6686: result: yes
configure:6714: checking if cc static flag -static works
configure:6742: result: yes
configure:6752: checking if cc supports -c -o file.o
configure:6773: cc -c -g -O2  -o out/conftest2.o conftest.c >&5
configure:6777: $? = 0
configure:6799: result: yes
configure:6825: checking whether the cc linker (/usr/bin/ld) supports shared libraries
configure:7783: result: yes
configure:7804: checking whether -lc should be explicitly linked in
configure:7809: cc -c -g -O2  conftest.c >&5
configure:7812: $? = 0
configure:7827: cc -shared conftest.o  -v -Wl,-soname -Wl,conftest -o conftest 2\>\&1 \| grep  -lc  \>/dev/null 2\>\&1
configure:7830: $? = 0
configure:7842: result: no
configure:7850: checking dynamic linker characteristics
configure:8459: result: GNU/Linux ld.so
configure:8468: checking how to hardcode library paths into programs
configure:8493: result: immediate
configure:8507: checking whether stripping libraries is possible
configure:8512: result: yes
configure:9346: checking if libtool supports shared libraries
configure:9348: result: yes
configure:9351: checking whether to build shared libraries
configure:9372: result: yes
configure:9375: checking whether to build static libraries
configure:9379: result: no
configure:9471: creating libtool
configure:18905: creating ./config.status

## ---------------------- ##
## Running config.status. ##
## ---------------------- ##

This file was extended by config.status, which was
generated by GNU Autoconf 2.59.  Invocation command line was

  CONFIG_FILES    = 
  CONFIG_HEADERS  = 
  CONFIG_LINKS    = 
  CONFIG_COMMANDS = 
  $ ./config.status 

on test.authense.co.jp

config.status:454: creating config.h
config.status:560: config.h is unchanged

## ---------------- ##
## Cache variables. ##
## ---------------- ##

ac_cv_build=i686-redhat-linux-gnu
ac_cv_build_alias=i686-redhat-linux-gnu
ac_cv_c_compiler_gnu=yes
ac_cv_env_CC_set=
ac_cv_env_CC_value=
ac_cv_env_CFLAGS_set=
ac_cv_env_CFLAGS_value=
ac_cv_env_CPPFLAGS_set=
ac_cv_env_CPPFLAGS_value=
ac_cv_env_CPP_set=
ac_cv_env_CPP_value=
ac_cv_env_F77_set=
ac_cv_env_F77_value=
ac_cv_env_FFLAGS_set=
ac_cv_env_FFLAGS_value=
ac_cv_env_LDFLAGS_set=
ac_cv_env_LDFLAGS_value=
ac_cv_env_build_alias_set=
ac_cv_env_build_alias_value=
ac_cv_env_host_alias_set=
ac_cv_env_host_alias_value=
ac_cv_env_target_alias_set=
ac_cv_env_target_alias_value=
ac_cv_exeext=
ac_cv_f77_compiler_gnu=no
ac_cv_header_dlfcn_h=yes
ac_cv_header_inttypes_h=yes
ac_cv_header_memory_h=yes
ac_cv_header_stdc=yes
ac_cv_header_stdint_h=yes
ac_cv_header_stdlib_h=yes
ac_cv_header_string_h=yes
ac_cv_header_strings_h=yes
ac_cv_header_sys_stat_h=yes
ac_cv_header_sys_types_h=yes
ac_cv_header_unistd_h=yes
ac_cv_host=i686-redhat-linux-gnu
ac_cv_host_alias=i686-redhat-linux-gnu
ac_cv_objext=o
ac_cv_prog_AWK=gawk
ac_cv_prog_CPP='cc -E'
ac_cv_prog_ac_ct_AR=ar
ac_cv_prog_ac_ct_CC=cc
ac_cv_prog_ac_ct_RANLIB=ranlib
ac_cv_prog_ac_ct_STRIP=strip
ac_cv_prog_cc_cc_c_o=yes
ac_cv_prog_cc_g=yes
ac_cv_prog_cc_stdc=
ac_cv_prog_egrep='grep -E'
ac_cv_prog_f77_g=no
ac_cv_target=i686-redhat-linux-gnu
ac_cv_target_alias=i686-redhat-linux-gnu
lt_cv_deplibs_check_method=pass_all
lt_cv_file_magic_cmd='$MAGIC_CMD'
lt_cv_file_magic_test_file=
lt_cv_ld_reload_flag=-r
lt_cv_objdir=.libs
lt_cv_path_LD=/usr/bin/ld
lt_cv_path_NM='/usr/bin/nm -B'
lt_cv_path_SED=/bin/sed
lt_cv_prog_compiler_c_o=yes
lt_cv_prog_compiler_rtti_exceptions=no
lt_cv_prog_gnu_ld=yes
lt_cv_sys_global_symbol_pipe='sed -n -e '\''s/^.*[ 	]\([ABCDGIRSTW][ABCDGIRSTW]*\)[ 	][ 	]*\([_A-Za-z][_A-Za-z0-9]*\)$/\1 \2 \2/p'\'''
lt_cv_sys_global_symbol_to_c_name_address='sed -n -e '\''s/^: \([^ ]*\) $/  {\"\1\", (lt_ptr) 0},/p'\'' -e '\''s/^[BCDEGRST] \([^ ]*\) \([^ ]*\)$/  {"\2", (lt_ptr) \&\2},/p'\'''
lt_cv_sys_global_symbol_to_cdecl='sed -n -e '\''s/^. .* \(.*\)$/extern int \1;/p'\'''
lt_cv_sys_max_cmd_len=32768
lt_lt_cv_prog_compiler_c_o='"yes"'
lt_lt_cv_sys_global_symbol_pipe='"sed -n -e '\''s/^.*[ 	]\\([ABCDGIRSTW][ABCDGIRSTW]*\\)[ 	][ 	]*\\([_A-Za-z][_A-Za-z0-9]*\\)\$/\\1 \\2 \\2/p'\''"'
lt_lt_cv_sys_global_symbol_to_c_name_address='"sed -n -e '\''s/^: \\([^ ]*\\) \$/  {\\\"\\1\\\", (lt_ptr) 0},/p'\'' -e '\''s/^[BCDEGRST] \\([^ ]*\\) \\([^ ]*\\)\$/  {\"\\2\", (lt_ptr) \\&\\2},/p'\''"'
lt_lt_cv_sys_global_symbol_to_cdecl='"sed -n -e '\''s/^. .* \\(.*\\)\$/extern int \\1;/p'\''"'
php_cv_cc_dashr=no
php_cv_cc_rpath=yes

## ----------------- ##
## Output variables. ##
## ----------------- ##

AR='ar'
AWK='gawk'
CC='cc'
CFLAGS='-g -O2'
CONFIGURE_COMMAND=' './configure' '
CONFIGURE_OPTIONS=''
CPP='cc -E'
CPPFLAGS=' -DHAVE_CONFIG_H'
DEFS='-DHAVE_CONFIG_H'
ECHO='echo'
ECHO_C=''
ECHO_N='-n'
ECHO_T=''
EGREP='grep -E'
EXEEXT=''
F77=''
FFLAGS=''
LDFLAGS=''
LIBOBJS=''
LIBS=''
LIBTOOL='$(SHELL) $(top_builddir)/libtool'
LN_S='ln -s'
LTLIBOBJS=''
OBJEXT='o'
PACKAGE_BUGREPORT=''
PACKAGE_NAME=''
PACKAGE_STRING=''
PACKAGE_TARNAME=''
PACKAGE_VERSION=''
PATH_SEPARATOR=':'
RANLIB='ranlib'
RE2C='exit 0;'
SED='/bin/sed'
SHELL='/bin/sh'
SHLIB_DL_SUFFIX_NAME='so'
SHLIB_SUFFIX_NAME='so'
STRIP='strip'
ac_ct_AR='ar'
ac_ct_CC='cc'
ac_ct_F77=''
ac_ct_RANLIB='ranlib'
ac_ct_STRIP='strip'
bindir='${exec_prefix}/bin'
build='i686-redhat-linux-gnu'
build_alias=''
build_cpu='i686'
build_os='linux-gnu'
build_vendor='redhat'
datadir='${prefix}/share'
exec_prefix='$(prefix)'
host='i686-redhat-linux-gnu'
host_alias='i686-redhat-linux-gnu'
host_cpu='i686'
host_os='linux-gnu'
host_vendor='redhat'
includedir='${prefix}/include'
infodir='${prefix}/info'
libdir='${exec_prefix}/lib'
libexecdir='${exec_prefix}/libexec'
localstatedir='${prefix}/var'
mandir='${prefix}/man'
oldincludedir='/usr/include'
prefix='/usr'
program_transform_name='s,x,x,'
sbindir='${exec_prefix}/sbin'
sharedstatedir='${prefix}/com'
sysconfdir='${prefix}/etc'
target='i686-redhat-linux-gnu'
target_alias=''
target_cpu='i686'
target_os='linux-gnu'
target_vendor='redhat'

## ----------- ##
## confdefs.h. ##
## ----------- ##

#define COMPILE_DL_PDO_NAMY_POOL 1
#define HAVE_DLFCN_H 1
#define HAVE_INTTYPES_H 1
#define HAVE_MEMORY_H 1
#define HAVE_STDINT_H 1
#define HAVE_STDLIB_H 1
#define HAVE_STRINGS_H 1
#define HAVE_STRING_H 1
#define HAVE_SYS_STAT_H 1
#define HAVE_SYS_TYPES_H 1
#define HAVE_UNISTD_H 1
#define PACKAGE_BUGREPORT ""
#define PACKAGE_NAME ""
#define PACKAGE_STRING ""
#define PACKAGE_TARNAME ""
#define PACKAGE_VERSION ""
#define STDC_HEADERS 1

configure: exit 0
